<?xml version="1.0" encoding="UTF-8"?>
<!-- Generated by org.testng.reporters.JUnitXMLReporter -->
<testsuite hostname="sakthivel-PC" name="Default test" tests="5" failures="0" timestamp="19 Aug 2016 11:08:42 GMT" time="99.636" errors="0">
  <testcase name="BookAppointment" time="44.384" classname="ExecutionEngine.OnlineAppointments"/>
  <testcase name="SearchAppointment" time="2.481" classname="ExecutionEngine.OnlineAppointments"/>
  <testcase name="RearrangeAppointment" time="8.121" classname="ExecutionEngine.OnlineAppointments"/>
  <testcase name="CancelAppointment" time="6.041" classname="ExecutionEngine.OnlineAppointments"/>
  <testcase name="ManageExpertsDiaries" time="16.448" classname="ExecutionEngine.OnlineAppointments"/>
</testsuite> <!-- Default test -->
