<?xml version="1.0" encoding="UTF-8"?>
<!-- Generated by org.testng.reporters.JUnitXMLReporter -->
<testsuite hostname="sakthivel-PC" name="Test" tests="5" failures="0" timestamp="8 Sep 2016 12:27:43 GMT" time="97.39" errors="0">
  <testcase name="BookAppointment" time="26.0" classname="ExecutionEngine.OnlineAppointments"/>
  <testcase name="SearchAppointment" time="2.009" classname="ExecutionEngine.OnlineAppointments"/>
  <testcase name="RearrangeAppointment" time="8.006" classname="ExecutionEngine.OnlineAppointments"/>
  <testcase name="CancelAppointment" time="7.045" classname="ExecutionEngine.OnlineAppointments"/>
  <testcase name="ManageExpertsDiaries" time="20.521" classname="ExecutionEngine.OnlineAppointments"/>
</testsuite> <!-- Test -->
