<?xml version="1.0" encoding="UTF-8"?>
<!-- Generated by org.testng.reporters.JUnitXMLReporter -->
<testsuite hostname="sakthivel-PC" name="Test" tests="5" failures="0" timestamp="8 Sep 2016 11:26:35 GMT" time="33.579" errors="0">
  <testcase name="@BeforeTest beforeTest" time="0.0" classname="ExecutionEngine.OnlineAppointments">
    <failure type="java.lang.NoClassDefFoundError" message="org/apache/poi/ss/usermodel/Cell">
      <![CDATA[java.lang.NoClassDefFoundError: org/apache/poi/ss/usermodel/Cell
	at ExecutionEngine.OnlineAppointments.beforeTest(OnlineAppointments.java:188)
Caused by: java.lang.ClassNotFoundException: org.apache.poi.ss.usermodel.Cell
	at java.net.URLClassLoader.findClass(URLClassLoader.java:381)
	at java.lang.ClassLoader.loadClass(ClassLoader.java:424)
	at sun.misc.Launcher$AppClassLoader.loadClass(Launcher.java:331)
	at java.lang.ClassLoader.loadClass(ClassLoader.java:357)
	... 22 more
... Removed 21 stack frames]]>
    </failure>
  </testcase> <!-- @BeforeTest beforeTest -->
  <testcase name="BookAppointment" time="0.0" classname="ExecutionEngine.OnlineAppointments">
    <skipped/>
  </testcase> <!-- BookAppointment -->
  <testcase name="SearchAppointment" time="0.0" classname="ExecutionEngine.OnlineAppointments">
    <skipped/>
  </testcase> <!-- SearchAppointment -->
  <testcase name="RearrangeAppointment" time="0.0" classname="ExecutionEngine.OnlineAppointments">
    <skipped/>
  </testcase> <!-- RearrangeAppointment -->
  <testcase name="CancelAppointment" time="0.0" classname="ExecutionEngine.OnlineAppointments">
    <skipped/>
  </testcase> <!-- CancelAppointment -->
  <testcase name="ManageExpertsDiaries" time="0.0" classname="ExecutionEngine.OnlineAppointments">
    <skipped/>
  </testcase> <!-- ManageExpertsDiaries -->
</testsuite> <!-- Test -->
