<?xml version="1.0" encoding="UTF-8"?>
<testng-results skipped="5" failed="0" total="5" passed="0">
  <reporter-output>
  </reporter-output>
  <suite name="Suite" duration-ms="25280" started-at="2016-09-08T09:56:02Z" finished-at="2016-09-08T09:56:27Z">
    <groups>
    </groups>
    <test name="Test" duration-ms="25280" started-at="2016-09-08T09:56:02Z" finished-at="2016-09-08T09:56:27Z">
      <class name="ExecutionEngine.OnlineAppointments">
        <test-method status="FAIL" signature="beforeTest()[pri:0, instance:ExecutionEngine.OnlineAppointments@4563e9ab]" name="beforeTest" is-config="true" duration-ms="0" started-at="2016-09-08T15:26:02Z" finished-at="2016-09-08T15:26:02Z">
          <exception class="java.lang.NoClassDefFoundError">
            <message>
              <![CDATA[org/apache/poi/ss/usermodel/Cell]]>
            </message>
            <full-stacktrace>
              <![CDATA[java.lang.NoClassDefFoundError: org/apache/poi/ss/usermodel/Cell
	at ExecutionEngine.OnlineAppointments.beforeTest(OnlineAppointments.java:188)
	at sun.reflect.NativeMethodAccessorImpl.invoke0(Native Method)
	at sun.reflect.NativeMethodAccessorImpl.invoke(NativeMethodAccessorImpl.java:62)
	at sun.reflect.DelegatingMethodAccessorImpl.invoke(DelegatingMethodAccessorImpl.java:43)
	at java.lang.reflect.Method.invoke(Method.java:497)
	at org.testng.internal.MethodInvocationHelper.invokeMethod(MethodInvocationHelper.java:85)
	at org.testng.internal.Invoker.invokeConfigurationMethod(Invoker.java:510)
	at org.testng.internal.Invoker.invokeConfigurations(Invoker.java:211)
	at org.testng.internal.Invoker.invokeConfigurations(Invoker.java:138)
	at org.testng.TestRunner.beforeRun(TestRunner.java:648)
	at org.testng.TestRunner.run(TestRunner.java:616)
	at org.testng.SuiteRunner.runTest(SuiteRunner.java:359)
	at org.testng.SuiteRunner.runSequentially(SuiteRunner.java:354)
	at org.testng.SuiteRunner.privateRun(SuiteRunner.java:312)
	at org.testng.SuiteRunner.run(SuiteRunner.java:261)
	at org.testng.SuiteRunnerWorker.runSuite(SuiteRunnerWorker.java:52)
	at org.testng.SuiteRunnerWorker.run(SuiteRunnerWorker.java:86)
	at org.testng.TestNG.runSuitesSequentially(TestNG.java:1215)
	at org.testng.TestNG.runSuitesLocally(TestNG.java:1140)
	at org.testng.TestNG.run(TestNG.java:1048)
	at org.testng.TestNG.privateMain(TestNG.java:1355)
	at org.testng.TestNG.main(TestNG.java:1324)
Caused by: java.lang.ClassNotFoundException: org.apache.poi.ss.usermodel.Cell
	at java.net.URLClassLoader.findClass(URLClassLoader.java:381)
	at java.lang.ClassLoader.loadClass(ClassLoader.java:424)
	at sun.misc.Launcher$AppClassLoader.loadClass(Launcher.java:331)
	at java.lang.ClassLoader.loadClass(ClassLoader.java:357)
	... 22 more
]]>
            </full-stacktrace>
          </exception> <!-- java.lang.NoClassDefFoundError -->
          <reporter-output>
          </reporter-output>
        </test-method> <!-- beforeTest -->
        <test-method status="SKIP" signature="BookAppointment()[pri:0, instance:ExecutionEngine.OnlineAppointments@4563e9ab]" name="BookAppointment" duration-ms="0" started-at="2016-09-08T15:26:27Z" finished-at="2016-09-08T15:26:27Z">
          <reporter-output>
          </reporter-output>
        </test-method> <!-- BookAppointment -->
        <test-method status="SKIP" signature="SearchAppointment()[pri:1, instance:ExecutionEngine.OnlineAppointments@4563e9ab]" name="SearchAppointment" duration-ms="0" started-at="2016-09-08T15:26:27Z" finished-at="2016-09-08T15:26:27Z">
          <reporter-output>
          </reporter-output>
        </test-method> <!-- SearchAppointment -->
        <test-method status="SKIP" signature="RearrangeAppointment()[pri:2, instance:ExecutionEngine.OnlineAppointments@4563e9ab]" name="RearrangeAppointment" duration-ms="0" started-at="2016-09-08T15:26:27Z" finished-at="2016-09-08T15:26:27Z">
          <reporter-output>
          </reporter-output>
        </test-method> <!-- RearrangeAppointment -->
        <test-method status="SKIP" signature="CancelAppointment()[pri:3, instance:ExecutionEngine.OnlineAppointments@4563e9ab]" name="CancelAppointment" duration-ms="2" started-at="2016-09-08T15:26:27Z" finished-at="2016-09-08T15:26:27Z">
          <reporter-output>
          </reporter-output>
        </test-method> <!-- CancelAppointment -->
        <test-method status="SKIP" signature="ManageExpertsDiaries()[pri:4, instance:ExecutionEngine.OnlineAppointments@4563e9ab]" name="ManageExpertsDiaries" duration-ms="0" started-at="2016-09-08T15:26:27Z" finished-at="2016-09-08T15:26:27Z">
          <reporter-output>
          </reporter-output>
        </test-method> <!-- ManageExpertsDiaries -->
        <test-method status="PASS" signature="afterTest()[pri:0, instance:ExecutionEngine.OnlineAppointments@4563e9ab]" name="afterTest" is-config="true" duration-ms="12" started-at="2016-09-08T15:26:27Z" finished-at="2016-09-08T15:26:27Z">
          <reporter-output>
          </reporter-output>
        </test-method> <!-- afterTest -->
      </class> <!-- ExecutionEngine.OnlineAppointments -->
    </test> <!-- Test -->
  </suite> <!-- Suite -->
</testng-results>
